<?xml version="1.0" ?>
<root>
  <item>
    <id>P0001</id>
    <name>đói</name>
    <price>449</price>
    <quantity>1</quantity>
    <updated_at>2015.09.20 20:00</updated_at>
  </item>
  <item>
    <id>P0002</id>
    <name>배고픈</name>
    <price>399</price>
    <quantity>1</quantity>
    <updated_at>2015.09.20 20:02</updated_at>
  </item>
  <item>
    <id>P0003</id>
    <name>голодный</name>
    <price>199</price>
    <quantity>10</quantity>
    <updated_at/>
  </item>
  <item>
    <id>P0004</id>
    <name>Űrállomás krízis</name>
    <price>999,5</price>
    <quantity>1</quantity>
    <updated_at>2015.09.20 12:47</updated_at>
  </item>
  <item>
    <id>P0005</id>
    <name>Ovális iroda</name>
    <price>2 399</price>
    <quantity>1</quantity>
    <updated_at>2015.09.20 07:31</updated_at>
  </item>
</root>
